[04-Feb-2018 15:04:28 Pacific/Auckland] PHP Notice:  Undefined variable: studentID in /home/warnaa1/public_html/Web-2-Project/Student Checkpoint Tool/Student Tool Files/checkpointForm.html.php on line 46
[04-Feb-2018 15:04:28 Pacific/Auckland] PHP Notice:  Undefined variable: labNumber in /home/warnaa1/public_html/Web-2-Project/Student Checkpoint Tool/Student Tool Files/checkpointForm.html.php on line 47
[04-Feb-2018 15:10:59 Pacific/Auckland] PHP Notice:  Undefined variable: studentID in /home/warnaa1/public_html/Web-2-Project/Student Checkpoint Tool/Student Tool Files/checkpointForm.html.php on line 46
[04-Feb-2018 15:10:59 Pacific/Auckland] PHP Notice:  Undefined variable: labNumber in /home/warnaa1/public_html/Web-2-Project/Student Checkpoint Tool/Student Tool Files/checkpointForm.html.php on line 47
[04-Feb-2018 15:16:22 Pacific/Auckland] PHP Notice:  Undefined variable: studentID in /home/warnaa1/public_html/Web-2-Project/Student Checkpoint Tool/Student Tool Files/checkpointForm.html.php on line 46
[04-Feb-2018 15:16:22 Pacific/Auckland] PHP Notice:  Undefined variable: labNumber in /home/warnaa1/public_html/Web-2-Project/Student Checkpoint Tool/Student Tool Files/checkpointForm.html.php on line 47
[04-Feb-2018 15:16:24 Pacific/Auckland] PHP Notice:  Undefined variable: studentID in /home/warnaa1/public_html/Web-2-Project/Student Checkpoint Tool/Student Tool Files/checkpointForm.html.php on line 46
[04-Feb-2018 15:16:24 Pacific/Auckland] PHP Notice:  Undefined variable: labNumber in /home/warnaa1/public_html/Web-2-Project/Student Checkpoint Tool/Student Tool Files/checkpointForm.html.php on line 47
[04-Feb-2018 15:16:37 Pacific/Auckland] PHP Notice:  Undefined variable: studentID in /home/warnaa1/public_html/Web-2-Project/Student Checkpoint Tool/Student Tool Files/checkpointForm.html.php on line 46
[04-Feb-2018 15:16:37 Pacific/Auckland] PHP Notice:  Undefined variable: labNumber in /home/warnaa1/public_html/Web-2-Project/Student Checkpoint Tool/Student Tool Files/checkpointForm.html.php on line 47
[04-Feb-2018 15:19:26 Pacific/Auckland] PHP Notice:  Undefined variable: studentID in /home/warnaa1/public_html/Web-2-Project/Student Checkpoint Tool/Student Tool Files/checkpointForm.html.php on line 46
[04-Feb-2018 15:19:26 Pacific/Auckland] PHP Notice:  Undefined variable: labNumber in /home/warnaa1/public_html/Web-2-Project/Student Checkpoint Tool/Student Tool Files/checkpointForm.html.php on line 47
[04-Feb-2018 15:19:56 Pacific/Auckland] PHP Notice:  Undefined variable: studentID in /home/warnaa1/public_html/Web-2-Project/Student Checkpoint Tool/Student Tool Files/checkpointForm.html.php on line 46
[04-Feb-2018 15:19:56 Pacific/Auckland] PHP Notice:  Undefined variable: labNumber in /home/warnaa1/public_html/Web-2-Project/Student Checkpoint Tool/Student Tool Files/checkpointForm.html.php on line 47
[04-Feb-2018 15:20:20 Pacific/Auckland] PHP Notice:  Undefined variable: studentID in /home/warnaa1/public_html/Web-2-Project/Student Checkpoint Tool/Student Tool Files/checkpointForm.html.php on line 46
[04-Feb-2018 15:20:20 Pacific/Auckland] PHP Notice:  Undefined variable: labNumber in /home/warnaa1/public_html/Web-2-Project/Student Checkpoint Tool/Student Tool Files/checkpointForm.html.php on line 47
[04-Feb-2018 15:20:27 Pacific/Auckland] PHP Notice:  Undefined variable: studentID in /home/warnaa1/public_html/Web-2-Project/Student Checkpoint Tool/Student Tool Files/checkpointForm.html.php on line 46
[04-Feb-2018 15:20:27 Pacific/Auckland] PHP Notice:  Undefined variable: labNumber in /home/warnaa1/public_html/Web-2-Project/Student Checkpoint Tool/Student Tool Files/checkpointForm.html.php on line 47
[04-Feb-2018 15:22:00 Pacific/Auckland] PHP Notice:  Undefined variable: studentID in /home/warnaa1/public_html/Web-2-Project/Student Checkpoint Tool/Student Tool Files/checkpointForm.html.php on line 46
[04-Feb-2018 15:22:00 Pacific/Auckland] PHP Notice:  Undefined variable: labNumber in /home/warnaa1/public_html/Web-2-Project/Student Checkpoint Tool/Student Tool Files/checkpointForm.html.php on line 47
[04-Feb-2018 15:22:02 Pacific/Auckland] PHP Notice:  Undefined variable: studentID in /home/warnaa1/public_html/Web-2-Project/Student Checkpoint Tool/Student Tool Files/checkpointForm.html.php on line 46
[04-Feb-2018 15:22:02 Pacific/Auckland] PHP Notice:  Undefined variable: labNumber in /home/warnaa1/public_html/Web-2-Project/Student Checkpoint Tool/Student Tool Files/checkpointForm.html.php on line 47
[04-Feb-2018 15:22:02 Pacific/Auckland] PHP Notice:  Undefined variable: studentID in /home/warnaa1/public_html/Web-2-Project/Student Checkpoint Tool/Student Tool Files/checkpointForm.html.php on line 46
[04-Feb-2018 15:22:02 Pacific/Auckland] PHP Notice:  Undefined variable: labNumber in /home/warnaa1/public_html/Web-2-Project/Student Checkpoint Tool/Student Tool Files/checkpointForm.html.php on line 47
[04-Feb-2018 15:22:02 Pacific/Auckland] PHP Notice:  Undefined variable: studentID in /home/warnaa1/public_html/Web-2-Project/Student Checkpoint Tool/Student Tool Files/checkpointForm.html.php on line 46
[04-Feb-2018 15:22:02 Pacific/Auckland] PHP Notice:  Undefined variable: labNumber in /home/warnaa1/public_html/Web-2-Project/Student Checkpoint Tool/Student Tool Files/checkpointForm.html.php on line 47
[04-Feb-2018 15:22:02 Pacific/Auckland] PHP Notice:  Undefined variable: studentID in /home/warnaa1/public_html/Web-2-Project/Student Checkpoint Tool/Student Tool Files/checkpointForm.html.php on line 46
[04-Feb-2018 15:22:02 Pacific/Auckland] PHP Notice:  Undefined variable: labNumber in /home/warnaa1/public_html/Web-2-Project/Student Checkpoint Tool/Student Tool Files/checkpointForm.html.php on line 47
[04-Feb-2018 15:22:02 Pacific/Auckland] PHP Notice:  Undefined variable: studentID in /home/warnaa1/public_html/Web-2-Project/Student Checkpoint Tool/Student Tool Files/checkpointForm.html.php on line 46
[04-Feb-2018 15:22:02 Pacific/Auckland] PHP Notice:  Undefined variable: labNumber in /home/warnaa1/public_html/Web-2-Project/Student Checkpoint Tool/Student Tool Files/checkpointForm.html.php on line 47
[04-Feb-2018 15:27:48 Pacific/Auckland] PHP Notice:  Undefined variable: studentID in /home/warnaa1/public_html/Web-2-Project/Student Checkpoint Tool/Student Tool Files/checkpointForm.html.php on line 46
[04-Feb-2018 15:27:48 Pacific/Auckland] PHP Notice:  Undefined variable: labNumber in /home/warnaa1/public_html/Web-2-Project/Student Checkpoint Tool/Student Tool Files/checkpointForm.html.php on line 47
[04-Feb-2018 15:37:31 Pacific/Auckland] PHP Notice:  Undefined variable: studentID in /home/warnaa1/public_html/Web-2-Project/Student Checkpoint Tool/Student Tool Files/checkpointForm.html.php on line 46
[04-Feb-2018 15:37:31 Pacific/Auckland] PHP Notice:  Undefined variable: labNumber in /home/warnaa1/public_html/Web-2-Project/Student Checkpoint Tool/Student Tool Files/checkpointForm.html.php on line 47
[04-Feb-2018 15:37:32 Pacific/Auckland] PHP Notice:  Undefined variable: studentID in /home/warnaa1/public_html/Web-2-Project/Student Checkpoint Tool/Student Tool Files/checkpointForm.html.php on line 46
[04-Feb-2018 15:37:32 Pacific/Auckland] PHP Notice:  Undefined variable: labNumber in /home/warnaa1/public_html/Web-2-Project/Student Checkpoint Tool/Student Tool Files/checkpointForm.html.php on line 47
[04-Feb-2018 15:37:32 Pacific/Auckland] PHP Notice:  Undefined variable: studentID in /home/warnaa1/public_html/Web-2-Project/Student Checkpoint Tool/Student Tool Files/checkpointForm.html.php on line 46
[04-Feb-2018 15:37:32 Pacific/Auckland] PHP Notice:  Undefined variable: labNumber in /home/warnaa1/public_html/Web-2-Project/Student Checkpoint Tool/Student Tool Files/checkpointForm.html.php on line 47
[04-Feb-2018 15:37:32 Pacific/Auckland] PHP Notice:  Undefined variable: studentID in /home/warnaa1/public_html/Web-2-Project/Student Checkpoint Tool/Student Tool Files/checkpointForm.html.php on line 46
[04-Feb-2018 15:37:32 Pacific/Auckland] PHP Notice:  Undefined variable: labNumber in /home/warnaa1/public_html/Web-2-Project/Student Checkpoint Tool/Student Tool Files/checkpointForm.html.php on line 47
[04-Feb-2018 15:37:32 Pacific/Auckland] PHP Notice:  Undefined variable: studentID in /home/warnaa1/public_html/Web-2-Project/Student Checkpoint Tool/Student Tool Files/checkpointForm.html.php on line 46
[04-Feb-2018 15:37:32 Pacific/Auckland] PHP Notice:  Undefined variable: labNumber in /home/warnaa1/public_html/Web-2-Project/Student Checkpoint Tool/Student Tool Files/checkpointForm.html.php on line 47
[04-Feb-2018 15:37:32 Pacific/Auckland] PHP Notice:  Undefined variable: studentID in /home/warnaa1/public_html/Web-2-Project/Student Checkpoint Tool/Student Tool Files/checkpointForm.html.php on line 46
[04-Feb-2018 15:37:32 Pacific/Auckland] PHP Notice:  Undefined variable: labNumber in /home/warnaa1/public_html/Web-2-Project/Student Checkpoint Tool/Student Tool Files/checkpointForm.html.php on line 47
[04-Feb-2018 15:38:33 Pacific/Auckland] PHP Notice:  Undefined variable: studentID in /home/warnaa1/public_html/Web-2-Project/Student Checkpoint Tool/Student Tool Files/checkpointForm.html.php on line 46
[04-Feb-2018 15:38:33 Pacific/Auckland] PHP Notice:  Undefined variable: labNumber in /home/warnaa1/public_html/Web-2-Project/Student Checkpoint Tool/Student Tool Files/checkpointForm.html.php on line 47
[04-Feb-2018 15:41:37 Pacific/Auckland] PHP Notice:  Undefined variable: studentID in /home/warnaa1/public_html/Web-2-Project/Student Checkpoint Tool/Student Tool Files/checkpointForm.html.php on line 46
[04-Feb-2018 15:41:37 Pacific/Auckland] PHP Notice:  Undefined variable: labNumber in /home/warnaa1/public_html/Web-2-Project/Student Checkpoint Tool/Student Tool Files/checkpointForm.html.php on line 47
[04-Feb-2018 15:42:07 Pacific/Auckland] PHP Notice:  Undefined variable: studentID in /home/warnaa1/public_html/Web-2-Project/Student Checkpoint Tool/Student Tool Files/checkpointForm.html.php on line 46
[04-Feb-2018 15:42:07 Pacific/Auckland] PHP Notice:  Undefined variable: labNumber in /home/warnaa1/public_html/Web-2-Project/Student Checkpoint Tool/Student Tool Files/checkpointForm.html.php on line 47
[04-Feb-2018 15:43:58 Pacific/Auckland] PHP Notice:  Undefined variable: studentID in /home/warnaa1/public_html/Web-2-Project/Student Checkpoint Tool/Student Tool Files/checkpointForm.html.php on line 46
[04-Feb-2018 15:43:58 Pacific/Auckland] PHP Notice:  Undefined variable: labNumber in /home/warnaa1/public_html/Web-2-Project/Student Checkpoint Tool/Student Tool Files/checkpointForm.html.php on line 47
[04-Feb-2018 15:43:59 Pacific/Auckland] PHP Notice:  Undefined variable: studentID in /home/warnaa1/public_html/Web-2-Project/Student Checkpoint Tool/Student Tool Files/checkpointForm.html.php on line 46
[04-Feb-2018 15:43:59 Pacific/Auckland] PHP Notice:  Undefined variable: labNumber in /home/warnaa1/public_html/Web-2-Project/Student Checkpoint Tool/Student Tool Files/checkpointForm.html.php on line 47
[04-Feb-2018 15:43:59 Pacific/Auckland] PHP Notice:  Undefined variable: studentID in /home/warnaa1/public_html/Web-2-Project/Student Checkpoint Tool/Student Tool Files/checkpointForm.html.php on line 46
[04-Feb-2018 15:43:59 Pacific/Auckland] PHP Notice:  Undefined variable: labNumber in /home/warnaa1/public_html/Web-2-Project/Student Checkpoint Tool/Student Tool Files/checkpointForm.html.php on line 47
[04-Feb-2018 15:43:59 Pacific/Auckland] PHP Notice:  Undefined variable: studentID in /home/warnaa1/public_html/Web-2-Project/Student Checkpoint Tool/Student Tool Files/checkpointForm.html.php on line 46
[04-Feb-2018 15:43:59 Pacific/Auckland] PHP Notice:  Undefined variable: labNumber in /home/warnaa1/public_html/Web-2-Project/Student Checkpoint Tool/Student Tool Files/checkpointForm.html.php on line 47
[04-Feb-2018 15:43:59 Pacific/Auckland] PHP Notice:  Undefined variable: studentID in /home/warnaa1/public_html/Web-2-Project/Student Checkpoint Tool/Student Tool Files/checkpointForm.html.php on line 46
[04-Feb-2018 15:43:59 Pacific/Auckland] PHP Notice:  Undefined variable: labNumber in /home/warnaa1/public_html/Web-2-Project/Student Checkpoint Tool/Student Tool Files/checkpointForm.html.php on line 47
[04-Feb-2018 15:44:27 Pacific/Auckland] PHP Notice:  Undefined variable: studentID in /home/warnaa1/public_html/Web-2-Project/Student Checkpoint Tool/Student Tool Files/checkpointForm.html.php on line 46
[04-Feb-2018 15:44:27 Pacific/Auckland] PHP Notice:  Undefined variable: labNumber in /home/warnaa1/public_html/Web-2-Project/Student Checkpoint Tool/Student Tool Files/checkpointForm.html.php on line 47
[04-Feb-2018 15:44:50 Pacific/Auckland] PHP Notice:  Undefined variable: studentID in /home/warnaa1/public_html/Web-2-Project/Student Checkpoint Tool/Student Tool Files/checkpointForm.html.php on line 46
[04-Feb-2018 15:44:50 Pacific/Auckland] PHP Notice:  Undefined variable: labNumber in /home/warnaa1/public_html/Web-2-Project/Student Checkpoint Tool/Student Tool Files/checkpointForm.html.php on line 47
[04-Feb-2018 15:54:42 Pacific/Auckland] PHP Notice:  Undefined variable: studentID in /home/warnaa1/public_html/Web-2-Project/Student Checkpoint Tool/Student Tool Files/checkpointForm.html.php on line 46
[04-Feb-2018 15:54:42 Pacific/Auckland] PHP Notice:  Undefined variable: labNumber in /home/warnaa1/public_html/Web-2-Project/Student Checkpoint Tool/Student Tool Files/checkpointForm.html.php on line 47
[04-Feb-2018 15:54:42 Pacific/Auckland] PHP Notice:  Undefined variable: studentID in /home/warnaa1/public_html/Web-2-Project/Student Checkpoint Tool/Student Tool Files/checkpointForm.html.php on line 46
[04-Feb-2018 15:54:42 Pacific/Auckland] PHP Notice:  Undefined variable: labNumber in /home/warnaa1/public_html/Web-2-Project/Student Checkpoint Tool/Student Tool Files/checkpointForm.html.php on line 47
[04-Feb-2018 15:54:42 Pacific/Auckland] PHP Notice:  Undefined variable: studentID in /home/warnaa1/public_html/Web-2-Project/Student Checkpoint Tool/Student Tool Files/checkpointForm.html.php on line 46
[04-Feb-2018 15:54:42 Pacific/Auckland] PHP Notice:  Undefined variable: labNumber in /home/warnaa1/public_html/Web-2-Project/Student Checkpoint Tool/Student Tool Files/checkpointForm.html.php on line 47
[04-Feb-2018 15:54:42 Pacific/Auckland] PHP Notice:  Undefined variable: studentID in /home/warnaa1/public_html/Web-2-Project/Student Checkpoint Tool/Student Tool Files/checkpointForm.html.php on line 46
[04-Feb-2018 15:54:42 Pacific/Auckland] PHP Notice:  Undefined variable: labNumber in /home/warnaa1/public_html/Web-2-Project/Student Checkpoint Tool/Student Tool Files/checkpointForm.html.php on line 47
[04-Feb-2018 15:55:23 Pacific/Auckland] PHP Notice:  Undefined variable: studentID in /home/warnaa1/public_html/Web-2-Project/Student Checkpoint Tool/Student Tool Files/checkpointForm.html.php on line 46
[04-Feb-2018 15:55:23 Pacific/Auckland] PHP Notice:  Undefined variable: labNumber in /home/warnaa1/public_html/Web-2-Project/Student Checkpoint Tool/Student Tool Files/checkpointForm.html.php on line 47
[04-Feb-2018 15:55:38 Pacific/Auckland] PHP Notice:  Undefined variable: studentID in /home/warnaa1/public_html/Web-2-Project/Student Checkpoint Tool/Student Tool Files/checkpointForm.html.php on line 46
[04-Feb-2018 15:55:38 Pacific/Auckland] PHP Notice:  Undefined variable: labNumber in /home/warnaa1/public_html/Web-2-Project/Student Checkpoint Tool/Student Tool Files/checkpointForm.html.php on line 47
[04-Feb-2018 15:55:38 Pacific/Auckland] PHP Notice:  Undefined variable: studentID in /home/warnaa1/public_html/Web-2-Project/Student Checkpoint Tool/Student Tool Files/checkpointForm.html.php on line 46
[04-Feb-2018 15:55:38 Pacific/Auckland] PHP Notice:  Undefined variable: labNumber in /home/warnaa1/public_html/Web-2-Project/Student Checkpoint Tool/Student Tool Files/checkpointForm.html.php on line 47
[04-Feb-2018 15:55:58 Pacific/Auckland] PHP Notice:  Undefined variable: studentID in /home/warnaa1/public_html/Web-2-Project/Student Checkpoint Tool/Student Tool Files/checkpointForm.html.php on line 46
[04-Feb-2018 15:55:58 Pacific/Auckland] PHP Notice:  Undefined variable: labNumber in /home/warnaa1/public_html/Web-2-Project/Student Checkpoint Tool/Student Tool Files/checkpointForm.html.php on line 47
[04-Feb-2018 15:56:05 Pacific/Auckland] PHP Notice:  Undefined variable: studentID in /home/warnaa1/public_html/Web-2-Project/Student Checkpoint Tool/Student Tool Files/checkpointForm.html.php on line 46
[04-Feb-2018 15:56:05 Pacific/Auckland] PHP Notice:  Undefined variable: labNumber in /home/warnaa1/public_html/Web-2-Project/Student Checkpoint Tool/Student Tool Files/checkpointForm.html.php on line 47
[04-Feb-2018 15:56:16 Pacific/Auckland] PHP Notice:  Undefined variable: studentID in /home/warnaa1/public_html/Web-2-Project/Student Checkpoint Tool/Student Tool Files/checkpointForm.html.php on line 46
[04-Feb-2018 15:56:16 Pacific/Auckland] PHP Notice:  Undefined variable: labNumber in /home/warnaa1/public_html/Web-2-Project/Student Checkpoint Tool/Student Tool Files/checkpointForm.html.php on line 47
[04-Feb-2018 15:56:27 Pacific/Auckland] PHP Notice:  Undefined variable: studentID in /home/warnaa1/public_html/Web-2-Project/Student Checkpoint Tool/Student Tool Files/checkpointForm.html.php on line 46
[04-Feb-2018 15:56:27 Pacific/Auckland] PHP Notice:  Undefined variable: labNumber in /home/warnaa1/public_html/Web-2-Project/Student Checkpoint Tool/Student Tool Files/checkpointForm.html.php on line 47
[04-Feb-2018 15:57:55 Pacific/Auckland] PHP Notice:  Undefined variable: studentID in /home/warnaa1/public_html/Web-2-Project/Student Checkpoint Tool/Student Tool Files/checkpointForm.html.php on line 46
[04-Feb-2018 15:57:55 Pacific/Auckland] PHP Notice:  Undefined variable: labNumber in /home/warnaa1/public_html/Web-2-Project/Student Checkpoint Tool/Student Tool Files/checkpointForm.html.php on line 47
[04-Feb-2018 15:57:56 Pacific/Auckland] PHP Notice:  Undefined variable: studentID in /home/warnaa1/public_html/Web-2-Project/Student Checkpoint Tool/Student Tool Files/checkpointForm.html.php on line 46
[04-Feb-2018 15:57:56 Pacific/Auckland] PHP Notice:  Undefined variable: labNumber in /home/warnaa1/public_html/Web-2-Project/Student Checkpoint Tool/Student Tool Files/checkpointForm.html.php on line 47
[04-Feb-2018 15:57:56 Pacific/Auckland] PHP Notice:  Undefined variable: studentID in /home/warnaa1/public_html/Web-2-Project/Student Checkpoint Tool/Student Tool Files/checkpointForm.html.php on line 46
[04-Feb-2018 15:57:56 Pacific/Auckland] PHP Notice:  Undefined variable: labNumber in /home/warnaa1/public_html/Web-2-Project/Student Checkpoint Tool/Student Tool Files/checkpointForm.html.php on line 47
[04-Feb-2018 15:57:56 Pacific/Auckland] PHP Notice:  Undefined variable: studentID in /home/warnaa1/public_html/Web-2-Project/Student Checkpoint Tool/Student Tool Files/checkpointForm.html.php on line 46
[04-Feb-2018 15:57:56 Pacific/Auckland] PHP Notice:  Undefined variable: labNumber in /home/warnaa1/public_html/Web-2-Project/Student Checkpoint Tool/Student Tool Files/checkpointForm.html.php on line 47
[04-Feb-2018 15:58:06 Pacific/Auckland] PHP Notice:  Undefined variable: studentID in /home/warnaa1/public_html/Web-2-Project/Student Checkpoint Tool/Student Tool Files/checkpointForm.html.php on line 46
[04-Feb-2018 15:58:06 Pacific/Auckland] PHP Notice:  Undefined variable: labNumber in /home/warnaa1/public_html/Web-2-Project/Student Checkpoint Tool/Student Tool Files/checkpointForm.html.php on line 47
[04-Feb-2018 16:01:03 Pacific/Auckland] PHP Notice:  Undefined variable: studentID in /home/warnaa1/public_html/Web-2-Project/Student Checkpoint Tool/Student Tool Files/checkpointForm.html.php on line 46
[04-Feb-2018 16:01:03 Pacific/Auckland] PHP Notice:  Undefined variable: labNumber in /home/warnaa1/public_html/Web-2-Project/Student Checkpoint Tool/Student Tool Files/checkpointForm.html.php on line 47
[04-Feb-2018 16:01:03 Pacific/Auckland] PHP Notice:  Undefined variable: passCode in /home/warnaa1/public_html/Web-2-Project/Student Checkpoint Tool/Student Tool Files/checkpointForm.html.php on line 49
[04-Feb-2018 16:01:04 Pacific/Auckland] PHP Notice:  Undefined variable: studentID in /home/warnaa1/public_html/Web-2-Project/Student Checkpoint Tool/Student Tool Files/checkpointForm.html.php on line 46
[04-Feb-2018 16:01:04 Pacific/Auckland] PHP Notice:  Undefined variable: labNumber in /home/warnaa1/public_html/Web-2-Project/Student Checkpoint Tool/Student Tool Files/checkpointForm.html.php on line 47
[04-Feb-2018 16:01:04 Pacific/Auckland] PHP Notice:  Undefined variable: passCode in /home/warnaa1/public_html/Web-2-Project/Student Checkpoint Tool/Student Tool Files/checkpointForm.html.php on line 49
[04-Feb-2018 16:01:04 Pacific/Auckland] PHP Notice:  Undefined variable: studentID in /home/warnaa1/public_html/Web-2-Project/Student Checkpoint Tool/Student Tool Files/checkpointForm.html.php on line 46
[04-Feb-2018 16:01:04 Pacific/Auckland] PHP Notice:  Undefined variable: labNumber in /home/warnaa1/public_html/Web-2-Project/Student Checkpoint Tool/Student Tool Files/checkpointForm.html.php on line 47
[04-Feb-2018 16:01:04 Pacific/Auckland] PHP Notice:  Undefined variable: passCode in /home/warnaa1/public_html/Web-2-Project/Student Checkpoint Tool/Student Tool Files/checkpointForm.html.php on line 49
[04-Feb-2018 16:01:52 Pacific/Auckland] PHP Notice:  Undefined variable: studentID in /home/warnaa1/public_html/Web-2-Project/Student Checkpoint Tool/Student Tool Files/checkpointForm.html.php on line 46
[04-Feb-2018 16:01:52 Pacific/Auckland] PHP Notice:  Undefined variable: labNumber in /home/warnaa1/public_html/Web-2-Project/Student Checkpoint Tool/Student Tool Files/checkpointForm.html.php on line 47
[04-Feb-2018 16:02:11 Pacific/Auckland] PHP Notice:  Undefined variable: studentID in /home/warnaa1/public_html/Web-2-Project/Student Checkpoint Tool/Student Tool Files/checkpointForm.html.php on line 46
[04-Feb-2018 16:02:11 Pacific/Auckland] PHP Notice:  Undefined variable: labNumber in /home/warnaa1/public_html/Web-2-Project/Student Checkpoint Tool/Student Tool Files/checkpointForm.html.php on line 47
[04-Feb-2018 16:02:16 Pacific/Auckland] PHP Notice:  Undefined variable: studentID in /home/warnaa1/public_html/Web-2-Project/Student Checkpoint Tool/Student Tool Files/checkpointForm.html.php on line 46
[04-Feb-2018 16:02:16 Pacific/Auckland] PHP Notice:  Undefined variable: labNumber in /home/warnaa1/public_html/Web-2-Project/Student Checkpoint Tool/Student Tool Files/checkpointForm.html.php on line 47
[04-Feb-2018 16:04:11 Pacific/Auckland] PHP Notice:  Undefined variable: studentID in /home/warnaa1/public_html/Web-2-Project/Student Checkpoint Tool/Student Tool Files/checkpointForm.html.php on line 46
[04-Feb-2018 16:04:11 Pacific/Auckland] PHP Notice:  Undefined variable: labNumber in /home/warnaa1/public_html/Web-2-Project/Student Checkpoint Tool/Student Tool Files/checkpointForm.html.php on line 47
[04-Feb-2018 16:04:24 Pacific/Auckland] PHP Notice:  Undefined variable: studentID in /home/warnaa1/public_html/Web-2-Project/Student Checkpoint Tool/Student Tool Files/checkpointForm.html.php on line 46
[04-Feb-2018 16:04:24 Pacific/Auckland] PHP Notice:  Undefined variable: labNumber in /home/warnaa1/public_html/Web-2-Project/Student Checkpoint Tool/Student Tool Files/checkpointForm.html.php on line 47
[04-Feb-2018 16:04:36 Pacific/Auckland] PHP Notice:  Undefined variable: studentID in /home/warnaa1/public_html/Web-2-Project/Student Checkpoint Tool/Student Tool Files/checkpointForm.html.php on line 46
[04-Feb-2018 16:04:36 Pacific/Auckland] PHP Notice:  Undefined variable: labNumber in /home/warnaa1/public_html/Web-2-Project/Student Checkpoint Tool/Student Tool Files/checkpointForm.html.php on line 47
[04-Feb-2018 16:06:50 Pacific/Auckland] PHP Notice:  Undefined variable: studentID in /home/warnaa1/public_html/Web-2-Project/Student Checkpoint Tool/Student Tool Files/checkpointForm.html.php on line 46
[04-Feb-2018 16:06:50 Pacific/Auckland] PHP Notice:  Undefined variable: labNumber in /home/warnaa1/public_html/Web-2-Project/Student Checkpoint Tool/Student Tool Files/checkpointForm.html.php on line 47
[04-Feb-2018 16:07:04 Pacific/Auckland] PHP Notice:  Undefined variable: studentID in /home/warnaa1/public_html/Web-2-Project/Student Checkpoint Tool/Student Tool Files/checkpointForm.html.php on line 46
[04-Feb-2018 16:07:04 Pacific/Auckland] PHP Notice:  Undefined variable: labNumber in /home/warnaa1/public_html/Web-2-Project/Student Checkpoint Tool/Student Tool Files/checkpointForm.html.php on line 47
[04-Feb-2018 16:13:59 Pacific/Auckland] PHP Notice:  Undefined variable: studentID in /home/warnaa1/public_html/Web-2-Project/Student Checkpoint Tool/Student Tool Files/checkpointForm.html.php on line 46
[04-Feb-2018 16:13:59 Pacific/Auckland] PHP Notice:  Undefined variable: labNumber in /home/warnaa1/public_html/Web-2-Project/Student Checkpoint Tool/Student Tool Files/checkpointForm.html.php on line 47
[04-Feb-2018 16:14:01 Pacific/Auckland] PHP Notice:  Undefined variable: studentID in /home/warnaa1/public_html/Web-2-Project/Student Checkpoint Tool/Student Tool Files/checkpointForm.html.php on line 46
[04-Feb-2018 16:14:01 Pacific/Auckland] PHP Notice:  Undefined variable: labNumber in /home/warnaa1/public_html/Web-2-Project/Student Checkpoint Tool/Student Tool Files/checkpointForm.html.php on line 47
[04-Feb-2018 16:14:04 Pacific/Auckland] PHP Notice:  Undefined variable: studentID in /home/warnaa1/public_html/Web-2-Project/Student Checkpoint Tool/Student Tool Files/checkpointForm.html.php on line 46
[04-Feb-2018 16:14:04 Pacific/Auckland] PHP Notice:  Undefined variable: labNumber in /home/warnaa1/public_html/Web-2-Project/Student Checkpoint Tool/Student Tool Files/checkpointForm.html.php on line 47
[04-Feb-2018 16:14:04 Pacific/Auckland] PHP Notice:  Undefined variable: studentID in /home/warnaa1/public_html/Web-2-Project/Student Checkpoint Tool/Student Tool Files/checkpointForm.html.php on line 46
[04-Feb-2018 16:14:04 Pacific/Auckland] PHP Notice:  Undefined variable: labNumber in /home/warnaa1/public_html/Web-2-Project/Student Checkpoint Tool/Student Tool Files/checkpointForm.html.php on line 47
[04-Feb-2018 16:14:04 Pacific/Auckland] PHP Notice:  Undefined variable: studentID in /home/warnaa1/public_html/Web-2-Project/Student Checkpoint Tool/Student Tool Files/checkpointForm.html.php on line 46
[04-Feb-2018 16:14:04 Pacific/Auckland] PHP Notice:  Undefined variable: labNumber in /home/warnaa1/public_html/Web-2-Project/Student Checkpoint Tool/Student Tool Files/checkpointForm.html.php on line 47
[04-Feb-2018 16:14:04 Pacific/Auckland] PHP Notice:  Undefined variable: studentID in /home/warnaa1/public_html/Web-2-Project/Student Checkpoint Tool/Student Tool Files/checkpointForm.html.php on line 46
[04-Feb-2018 16:14:04 Pacific/Auckland] PHP Notice:  Undefined variable: labNumber in /home/warnaa1/public_html/Web-2-Project/Student Checkpoint Tool/Student Tool Files/checkpointForm.html.php on line 47
[04-Feb-2018 16:15:37 Pacific/Auckland] PHP Notice:  Undefined variable: studentID in /home/warnaa1/public_html/Web-2-Project/Student Checkpoint Tool/Student Tool Files/attendanceForm.html.php on line 46
[04-Feb-2018 16:15:37 Pacific/Auckland] PHP Notice:  Undefined variable: labNumber in /home/warnaa1/public_html/Web-2-Project/Student Checkpoint Tool/Student Tool Files/attendanceForm.html.php on line 47
[04-Feb-2018 16:51:32 Pacific/Auckland] PHP Notice:  Undefined variable: studentID in /home/warnaa1/public_html/Web-2-Project/Student Checkpoint Tool/Student Tool Files/checkpointForm.html.php on line 46
[04-Feb-2018 16:51:32 Pacific/Auckland] PHP Notice:  Undefined variable: labNumber in /home/warnaa1/public_html/Web-2-Project/Student Checkpoint Tool/Student Tool Files/checkpointForm.html.php on line 47
[04-Feb-2018 17:24:31 Pacific/Auckland] PHP Notice:  Undefined variable: studentID in /home/warnaa1/public_html/Web-2-Project/Student Checkpoint Tool/Student Tool Files/checkpointForm.html.php on line 46
[04-Feb-2018 17:24:31 Pacific/Auckland] PHP Notice:  Undefined variable: labNumber in /home/warnaa1/public_html/Web-2-Project/Student Checkpoint Tool/Student Tool Files/checkpointForm.html.php on line 47
[04-Feb-2018 18:42:40 Pacific/Auckland] PHP Notice:  Undefined variable: studentID in /home/warnaa1/public_html/Web-2-Project/Student Checkpoint Tool/Student Tool Files/checkpointForm.html.php on line 46
[04-Feb-2018 18:42:40 Pacific/Auckland] PHP Notice:  Undefined variable: labNumber in /home/warnaa1/public_html/Web-2-Project/Student Checkpoint Tool/Student Tool Files/checkpointForm.html.php on line 47
[04-Feb-2018 18:48:33 Pacific/Auckland] PHP Notice:  Undefined variable: studentID in /home/warnaa1/public_html/Web-2-Project/Student Checkpoint Tool/Student Tool Files/checkpointForm.html.php on line 46
[04-Feb-2018 18:48:33 Pacific/Auckland] PHP Notice:  Undefined variable: labNumber in /home/warnaa1/public_html/Web-2-Project/Student Checkpoint Tool/Student Tool Files/checkpointForm.html.php on line 47
[04-Feb-2018 18:51:26 Pacific/Auckland] PHP Notice:  Undefined variable: studentID in /home/warnaa1/public_html/Web-2-Project/Student Checkpoint Tool/Student Tool Files/checkpointForm.html.php on line 46
[04-Feb-2018 18:51:26 Pacific/Auckland] PHP Notice:  Undefined variable: labNumber in /home/warnaa1/public_html/Web-2-Project/Student Checkpoint Tool/Student Tool Files/checkpointForm.html.php on line 47
[04-Feb-2018 19:21:09 Pacific/Auckland] PHP Notice:  Undefined variable: studentID in /home/warnaa1/public_html/Web-2-Project/Student Checkpoint Tool/Student Tool Files/checkpointForm.html.php on line 46
[04-Feb-2018 19:21:09 Pacific/Auckland] PHP Notice:  Undefined variable: labNumber in /home/warnaa1/public_html/Web-2-Project/Student Checkpoint Tool/Student Tool Files/checkpointForm.html.php on line 47
[04-Feb-2018 19:24:27 Pacific/Auckland] PHP Notice:  Undefined variable: studentID in /home/warnaa1/public_html/Web-2-Project/Student Checkpoint Tool/Student Tool Files/checkpointForm.html.php on line 46
[04-Feb-2018 19:24:27 Pacific/Auckland] PHP Notice:  Undefined variable: labNumber in /home/warnaa1/public_html/Web-2-Project/Student Checkpoint Tool/Student Tool Files/checkpointForm.html.php on line 47
[04-Feb-2018 19:25:33 Pacific/Auckland] PHP Notice:  Undefined variable: studentID in /home/warnaa1/public_html/Web-2-Project/Student Checkpoint Tool/Student Tool Files/checkpointForm.html.php on line 46
[04-Feb-2018 19:25:33 Pacific/Auckland] PHP Notice:  Undefined variable: labNumber in /home/warnaa1/public_html/Web-2-Project/Student Checkpoint Tool/Student Tool Files/checkpointForm.html.php on line 47
[04-Feb-2018 19:25:57 Pacific/Auckland] PHP Notice:  Undefined variable: studentID in /home/warnaa1/public_html/Web-2-Project/Student Checkpoint Tool/Student Tool Files/checkpointForm.html.php on line 46
[04-Feb-2018 19:25:57 Pacific/Auckland] PHP Notice:  Undefined variable: labNumber in /home/warnaa1/public_html/Web-2-Project/Student Checkpoint Tool/Student Tool Files/checkpointForm.html.php on line 47
[04-Feb-2018 19:26:51 Pacific/Auckland] PHP Notice:  Undefined variable: studentID in /home/warnaa1/public_html/Web-2-Project/Student Checkpoint Tool/Student Tool Files/checkpointForm.html.php on line 46
[04-Feb-2018 19:26:51 Pacific/Auckland] PHP Notice:  Undefined variable: labNumber in /home/warnaa1/public_html/Web-2-Project/Student Checkpoint Tool/Student Tool Files/checkpointForm.html.php on line 47
[04-Feb-2018 19:45:23 Pacific/Auckland] PHP Notice:  Undefined variable: studentID in /home/warnaa1/public_html/Web-2-Project/Student Checkpoint Tool/Student Tool Files/checkpointForm.html.php on line 46
[04-Feb-2018 19:45:23 Pacific/Auckland] PHP Notice:  Undefined variable: labNumber in /home/warnaa1/public_html/Web-2-Project/Student Checkpoint Tool/Student Tool Files/checkpointForm.html.php on line 47
[04-Feb-2018 20:08:37 Pacific/Auckland] PHP Notice:  Undefined variable: studentID in /home/warnaa1/public_html/Web-2-Project/Student Checkpoint Tool/Student Tool Files/checkpointForm.html.php on line 46
[04-Feb-2018 20:08:37 Pacific/Auckland] PHP Notice:  Undefined variable: labNumber in /home/warnaa1/public_html/Web-2-Project/Student Checkpoint Tool/Student Tool Files/checkpointForm.html.php on line 47
[04-Feb-2018 20:25:51 Pacific/Auckland] PHP Notice:  Undefined variable: studentID in /home/warnaa1/public_html/Web-2-Project/Student Checkpoint Tool/Student Tool Files/checkpointForm.html.php on line 46
[04-Feb-2018 20:25:51 Pacific/Auckland] PHP Notice:  Undefined variable: labNumber in /home/warnaa1/public_html/Web-2-Project/Student Checkpoint Tool/Student Tool Files/checkpointForm.html.php on line 47
[04-Feb-2018 20:28:24 Pacific/Auckland] PHP Notice:  Undefined variable: studentID in /home/warnaa1/public_html/Web-2-Project/Student Checkpoint Tool/Student Tool Files/checkpointForm.html.php on line 46
[04-Feb-2018 20:28:24 Pacific/Auckland] PHP Notice:  Undefined variable: labNumber in /home/warnaa1/public_html/Web-2-Project/Student Checkpoint Tool/Student Tool Files/checkpointForm.html.php on line 47
[04-Feb-2018 20:30:10 Pacific/Auckland] PHP Notice:  Undefined variable: studentID in /home/warnaa1/public_html/Web-2-Project/Student Checkpoint Tool/Student Tool Files/checkpointForm.html.php on line 46
[04-Feb-2018 20:30:10 Pacific/Auckland] PHP Notice:  Undefined variable: labNumber in /home/warnaa1/public_html/Web-2-Project/Student Checkpoint Tool/Student Tool Files/checkpointForm.html.php on line 47
